0 info it worked if it ends with ok
1 verbose cli [ 'node', '/usr/local/bin/npm', 'install', 'uglify-js', '-g' ]
2 info using npm@1.4.28
3 info using node@v0.10.32
4 verbose cache add [ 'uglify-js', null ]
5 verbose cache add name=undefined spec="uglify-js" args=["uglify-js",null]
6 verbose parsed url { protocol: null,
6 verbose parsed url   slashes: null,
6 verbose parsed url   auth: null,
6 verbose parsed url   host: null,
6 verbose parsed url   port: null,
6 verbose parsed url   hostname: null,
6 verbose parsed url   hash: null,
6 verbose parsed url   search: null,
6 verbose parsed url   query: null,
6 verbose parsed url   pathname: 'uglify-js',
6 verbose parsed url   path: 'uglify-js',
6 verbose parsed url   href: 'uglify-js' }
7 silly lockFile d31cae06-uglify-js uglify-js
8 verbose lock uglify-js /Users/michaelphillips/.npm/d31cae06-uglify-js.lock
9 silly lockFile d31cae06-uglify-js uglify-js
10 silly lockFile d31cae06-uglify-js uglify-js
11 verbose addNamed [ 'uglify-js', '' ]
12 verbose addNamed [ null, '*' ]
13 silly lockFile 679a1028-uglify-js uglify-js@
14 verbose lock uglify-js@ /Users/michaelphillips/.npm/679a1028-uglify-js.lock
15 silly addNameRange { name: 'uglify-js', range: '*', hasData: false }
16 verbose request where is /uglify-js
17 verbose request registry https://registry.npmjs.org/
18 verbose request id e3157c183f788172
19 verbose url raw /uglify-js
20 verbose url resolving [ 'https://registry.npmjs.org/', './uglify-js' ]
21 verbose url resolved https://registry.npmjs.org/uglify-js
22 verbose request where is https://registry.npmjs.org/uglify-js
23 info trying registry request attempt 1 at 10:22:46
24 verbose etag "8LV1IZG65ONZSAZTBJS0M6QQU"
25 http GET https://registry.npmjs.org/uglify-js
26 http 200 https://registry.npmjs.org/uglify-js
27 silly registry.get cb [ 200,
27 silly registry.get   { server: 'CouchDB/1.5.0 (Erlang OTP/R16B03)',
27 silly registry.get     etag: '"7YZJM8WD1ICO9RZ60YHTO0SH8"',
27 silly registry.get     'content-type': 'application/json',
27 silly registry.get     'cache-control': 'max-age=60',
27 silly registry.get     'content-length': '94463',
27 silly registry.get     'accept-ranges': 'bytes',
27 silly registry.get     date: 'Tue, 19 May 2015 16:22:46 GMT',
27 silly registry.get     via: '1.1 varnish',
27 silly registry.get     age: '56',
27 silly registry.get     connection: 'keep-alive',
27 silly registry.get     'x-served-by': 'cache-ord1732-ORD',
27 silly registry.get     'x-cache': 'HIT',
27 silly registry.get     'x-cache-hits': '1',
27 silly registry.get     'x-timer': 'S1432052566.698183,VS0,VE0',
27 silly registry.get     vary: 'Accept' } ]
28 silly addNameRange number 2 { name: 'uglify-js', range: '*', hasData: true }
29 silly addNameRange versions [ 'uglify-js',
29 silly addNameRange   [ '0.0.1',
29 silly addNameRange     '0.0.2',
29 silly addNameRange     '0.0.3',
29 silly addNameRange     '0.0.4',
29 silly addNameRange     '0.0.5',
29 silly addNameRange     '1.0.1',
29 silly addNameRange     '1.0.2',
29 silly addNameRange     '1.0.3',
29 silly addNameRange     '1.0.4',
29 silly addNameRange     '1.0.5',
29 silly addNameRange     '1.0.6',
29 silly addNameRange     '1.0.7',
29 silly addNameRange     '1.1.0',
29 silly addNameRange     '1.1.1',
29 silly addNameRange     '1.2.0',
29 silly addNameRange     '1.2.1',
29 silly addNameRange     '1.2.2',
29 silly addNameRange     '1.2.3',
29 silly addNameRange     '1.2.4',
29 silly addNameRange     '1.2.5',
29 silly addNameRange     '1.2.6',
29 silly addNameRange     '1.3.0',
29 silly addNameRange     '1.3.1',
29 silly addNameRange     '1.3.2',
29 silly addNameRange     '1.3.3',
29 silly addNameRange     '1.3.4',
29 silly addNameRange     '2.2.0',
29 silly addNameRange     '2.2.1',
29 silly addNameRange     '2.2.2',
29 silly addNameRange     '2.2.3',
29 silly addNameRange     '2.2.4',
29 silly addNameRange     '2.2.5',
29 silly addNameRange     '2.3.0',
29 silly addNameRange     '2.3.1',
29 silly addNameRange     '2.3.2',
29 silly addNameRange     '2.3.3',
29 silly addNameRange     '2.3.4',
29 silly addNameRange     '2.3.5',
29 silly addNameRange     '2.3.6',
29 silly addNameRange     '1.3.5',
29 silly addNameRange     '2.4.0',
29 silly addNameRange     '2.4.1',
29 silly addNameRange     '2.4.2',
29 silly addNameRange     '2.4.3',
29 silly addNameRange     '2.4.4',
29 silly addNameRange     '2.4.5',
29 silly addNameRange     '2.4.6',
29 silly addNameRange     '2.4.7',
29 silly addNameRange     '2.4.8',
29 silly addNameRange     '2.4.9',
29 silly addNameRange     '2.4.10',
29 silly addNameRange     '2.4.11',
29 silly addNameRange     '2.4.12',
29 silly addNameRange     '2.4.13',
29 silly addNameRange     '2.4.14',
29 silly addNameRange     '2.4.15',
29 silly addNameRange     '2.4.16',
29 silly addNameRange     '2.4.17',
29 silly addNameRange     '2.4.18',
29 silly addNameRange     '2.4.19',
29 silly addNameRange     '2.4.20',
29 silly addNameRange     '2.4.21',
29 silly addNameRange     '2.4.22' ] ]
30 verbose addNamed [ 'uglify-js', '2.4.22' ]
31 verbose addNamed [ '2.4.22', '2.4.22' ]
32 silly lockFile 714686ca-uglify-js-2-4-22 uglify-js@2.4.22
33 verbose lock uglify-js@2.4.22 /Users/michaelphillips/.npm/714686ca-uglify-js-2-4-22.lock
34 silly lockFile 9eb40d37-g-uglify-js-uglify-js-2-4-22-tgz https://registry.npmjs.org/uglify-js/-/uglify-js-2.4.22.tgz
35 verbose lock https://registry.npmjs.org/uglify-js/-/uglify-js-2.4.22.tgz /Users/michaelphillips/.npm/9eb40d37-g-uglify-js-uglify-js-2-4-22-tgz.lock
36 verbose addRemoteTarball [ 'https://registry.npmjs.org/uglify-js/-/uglify-js-2.4.22.tgz',
36 verbose addRemoteTarball   '6f91502f2272a50436bdefecceb98da634d15bec' ]
37 info retry fetch attempt 1 at 10:22:46
38 verbose fetch to= /var/folders/t3/7z19f9kj72vdjcy4rr9q2gz80000gn/T/npm-64937-C2gf0bXZ/registry.npmjs.org/uglify-js/-/uglify-js-2.4.22.tgz
39 http GET https://registry.npmjs.org/uglify-js/-/uglify-js-2.4.22.tgz
40 http 200 https://registry.npmjs.org/uglify-js/-/uglify-js-2.4.22.tgz
41 silly lockFile 9eb40d37-g-uglify-js-uglify-js-2-4-22-tgz https://registry.npmjs.org/uglify-js/-/uglify-js-2.4.22.tgz
42 silly lockFile 9eb40d37-g-uglify-js-uglify-js-2-4-22-tgz https://registry.npmjs.org/uglify-js/-/uglify-js-2.4.22.tgz
43 silly lockFile 714686ca-uglify-js-2-4-22 uglify-js@2.4.22
44 silly lockFile 714686ca-uglify-js-2-4-22 uglify-js@2.4.22
45 silly lockFile 679a1028-uglify-js uglify-js@
46 silly lockFile 679a1028-uglify-js uglify-js@
47 silly resolved [ { name: 'uglify-js',
47 silly resolved     description: 'JavaScript parser, mangler/compressor and beautifier toolkit',
47 silly resolved     homepage: 'http://lisperator.net/uglifyjs',
47 silly resolved     author:
47 silly resolved      { name: 'Mihai Bazon',
47 silly resolved        email: 'mihai.bazon@gmail.com',
47 silly resolved        url: 'http://lisperator.net/' },
47 silly resolved     license: 'BSD',
47 silly resolved     version: '2.4.22',
47 silly resolved     engines: { node: '>=0.4.0' },
47 silly resolved     maintainers: [ [Object], [Object], [Object] ],
47 silly resolved     repository: { type: 'git', url: 'https://github.com/mishoo/UglifyJS2.git' },
47 silly resolved     bugs: { url: 'https://github.com/mishoo/UglifyJS2/issues' },
47 silly resolved     main: 'tools/node.js',
47 silly resolved     bin: { uglifyjs: 'bin/uglifyjs' },
47 silly resolved     files: [ 'bin', 'lib', 'tools', 'LICENSE' ],
47 silly resolved     dependencies:
47 silly resolved      { async: '~0.2.6',
47 silly resolved        'source-map': '0.1.34',
47 silly resolved        'uglify-to-browserify': '~1.0.0',
47 silly resolved        yargs: '~3.5.4' },
47 silly resolved     devDependencies:
47 silly resolved      { acorn: '~0.6.0',
47 silly resolved        escodegen: '~1.3.3',
47 silly resolved        esfuzz: '~0.3.1',
47 silly resolved        estraverse: '~1.5.1' },
47 silly resolved     browserify: { transform: [Object] },
47 silly resolved     scripts: { test: 'node test/run-tests.js' },
47 silly resolved     gitHead: '96ad94ab419ede17a5c931a1dc86416ea0c9d2a8',
47 silly resolved     _id: 'uglify-js@2.4.22',
47 silly resolved     _shasum: '6f91502f2272a50436bdefecceb98da634d15bec',
47 silly resolved     _from: 'uglify-js@',
47 silly resolved     _npmVersion: '1.4.14',
47 silly resolved     _npmUser: { name: 'mishoo', email: 'mihai.bazon@gmail.com' },
47 silly resolved     dist:
47 silly resolved      { shasum: '6f91502f2272a50436bdefecceb98da634d15bec',
47 silly resolved        tarball: 'http://registry.npmjs.org/uglify-js/-/uglify-js-2.4.22.tgz' },
47 silly resolved     directories: {},
47 silly resolved     _resolved: 'https://registry.npmjs.org/uglify-js/-/uglify-js-2.4.22.tgz' } ]
48 info install uglify-js@2.4.22 into /usr/local/lib
49 info installOne uglify-js@2.4.22
50 verbose lib/node_modules/uglify-js unbuild
51 verbose tar unpack /Users/michaelphillips/.npm/uglify-js/2.4.22/package.tgz
52 silly lockFile 8b726fda-local-lib-node-modules-uglify-js tar:///usr/local/lib/node_modules/uglify-js
53 verbose lock tar:///usr/local/lib/node_modules/uglify-js /Users/michaelphillips/.npm/8b726fda-local-lib-node-modules-uglify-js.lock
54 silly lockFile fb40c890-npm-uglify-js-2-4-22-package-tgz tar:///Users/michaelphillips/.npm/uglify-js/2.4.22/package.tgz
55 verbose lock tar:///Users/michaelphillips/.npm/uglify-js/2.4.22/package.tgz /Users/michaelphillips/.npm/fb40c890-npm-uglify-js-2-4-22-package-tgz.lock
56 silly gunzTarPerm modes [ '755', '644' ]
57 error Error: EACCES, mkdir '/usr/local/lib/node_modules/uglify-js'
57 error  { [Error: EACCES, mkdir '/usr/local/lib/node_modules/uglify-js']
57 error   errno: 3,
57 error   code: 'EACCES',
57 error   path: '/usr/local/lib/node_modules/uglify-js',
57 error   fstream_type: 'Directory',
57 error   fstream_path: '/usr/local/lib/node_modules/uglify-js',
57 error   fstream_class: 'DirWriter',
57 error   fstream_stack:
57 error    [ '/usr/local/lib/node_modules/npm/node_modules/fstream/lib/dir-writer.js:36:23',
57 error      '/usr/local/lib/node_modules/npm/node_modules/mkdirp/index.js:46:53',
57 error      'Object.oncomplete (fs.js:107:15)' ] }
58 error Please try running this command again as root/Administrator.
59 error System Darwin 14.3.0
60 error command "node" "/usr/local/bin/npm" "install" "uglify-js" "-g"
61 error cwd /Users/michaelphillips/Projects/svg-dial
62 error node -v v0.10.32
63 error npm -v 1.4.28
64 error path /usr/local/lib/node_modules/uglify-js
65 error fstream_path /usr/local/lib/node_modules/uglify-js
66 error fstream_type Directory
67 error fstream_class DirWriter
68 error code EACCES
69 error errno 3
70 error stack Error: EACCES, mkdir '/usr/local/lib/node_modules/uglify-js'
71 error fstream_stack /usr/local/lib/node_modules/npm/node_modules/fstream/lib/dir-writer.js:36:23
71 error fstream_stack /usr/local/lib/node_modules/npm/node_modules/mkdirp/index.js:46:53
71 error fstream_stack Object.oncomplete (fs.js:107:15)
72 verbose exit [ 3, true ]
